{"total": {"lines":{"total":387,"covered":375,"skipped":0,"pct":96.89},"statements":{"total":387,"covered":375,"skipped":0,"pct":96.89},"functions":{"total":43,"covered":35,"skipped":0,"pct":81.39},"branches":{"total":106,"covered":80,"skipped":0,"pct":75.47},"branchesTrue":{"total":0,"covered":0,"skipped":0,"pct":100}}
,"C:\\Users\\micae\\Documents\\JS-FU-23\\2.JS\\CD-CI-Deployment\\StrajkBowling-individuell-examination\\individuell-examination\\jest-svg-mock.js": {"lines":{"total":1,"covered":1,"skipped":0,"pct":100},"functions":{"total":0,"covered":0,"skipped":0,"pct":100},"statements":{"total":1,"covered":1,"skipped":0,"pct":100},"branches":{"total":0,"covered":0,"skipped":0,"pct":100}}
,"C:\\Users\\micae\\Documents\\JS-FU-23\\2.JS\\CD-CI-Deployment\\StrajkBowling-individuell-examination\\individuell-examination\\src\\components\\BookingInfo\\BookingInfo.jsx": {"lines":{"total":49,"covered":49,"skipped":0,"pct":100},"functions":{"total":1,"covered":1,"skipped":0,"pct":100},"statements":{"total":49,"covered":49,"skipped":0,"pct":100},"branches":{"total":1,"covered":1,"skipped":0,"pct":100}}
,"C:\\Users\\micae\\Documents\\JS-FU-23\\2.JS\\CD-CI-Deployment\\StrajkBowling-individuell-examination\\individuell-examination\\src\\components\\Input\\Input.jsx": {"lines":{"total":32,"covered":32,"skipped":0,"pct":100},"functions":{"total":1,"covered":1,"skipped":0,"pct":100},"statements":{"total":32,"covered":32,"skipped":0,"pct":100},"branches":{"total":5,"covered":5,"skipped":0,"pct":100}}
,"C:\\Users\\micae\\Documents\\JS-FU-23\\2.JS\\CD-CI-Deployment\\StrajkBowling-individuell-examination\\individuell-examination\\src\\components\\Navigation\\Navigation.jsx": {"lines":{"total":28,"covered":28,"skipped":0,"pct":100},"functions":{"total":4,"covered":2,"skipped":0,"pct":50},"statements":{"total":28,"covered":28,"skipped":0,"pct":100},"branches":{"total":8,"covered":8,"skipped":0,"pct":100}}
,"C:\\Users\\micae\\Documents\\JS-FU-23\\2.JS\\CD-CI-Deployment\\StrajkBowling-individuell-examination\\individuell-examination\\src\\components\\Shoes\\Shoes.jsx": {"lines":{"total":42,"covered":42,"skipped":0,"pct":100},"functions":{"total":2,"covered":2,"skipped":0,"pct":100},"statements":{"total":42,"covered":42,"skipped":0,"pct":100},"branches":{"total":3,"covered":3,"skipped":0,"pct":100}}
,"C:\\Users\\micae\\Documents\\JS-FU-23\\2.JS\\CD-CI-Deployment\\StrajkBowling-individuell-examination\\individuell-examination\\src\\components\\Top\\Top.jsx": {"lines":{"total":15,"covered":15,"skipped":0,"pct":100},"functions":{"total":1,"covered":1,"skipped":0,"pct":100},"statements":{"total":15,"covered":15,"skipped":0,"pct":100},"branches":{"total":1,"covered":1,"skipped":0,"pct":100}}
,"C:\\Users\\micae\\Documents\\JS-FU-23\\2.JS\\CD-CI-Deployment\\StrajkBowling-individuell-examination\\individuell-examination\\src\\views\\Booking.jsx": {"lines":{"total":150,"covered":140,"skipped":0,"pct":93.33},"functions":{"total":33,"covered":27,"skipped":0,"pct":81.81},"statements":{"total":150,"covered":140,"skipped":0,"pct":93.33},"branches":{"total":83,"covered":59,"skipped":0,"pct":71.08}}
,"C:\\Users\\micae\\Documents\\JS-FU-23\\2.JS\\CD-CI-Deployment\\StrajkBowling-individuell-examination\\individuell-examination\\src\\views\\Confirmation.jsx": {"lines":{"total":70,"covered":68,"skipped":0,"pct":97.14},"functions":{"total":1,"covered":1,"skipped":0,"pct":100},"statements":{"total":70,"covered":68,"skipped":0,"pct":97.14},"branches":{"total":5,"covered":3,"skipped":0,"pct":60}}
}
