TN:
SF:jest-svg-mock.js
FNF:0
FNH:0
DA:1,1
LF:1
LH:1
BRF:0
BRH:0
end_of_record
TN:
SF:src\components\BookingInfo\BookingInfo.jsx
FN:6,BookingInfo
FNF:1
FNH:1
FNDA:3,BookingInfo
DA:1,1
DA:2,1
DA:3,1
DA:4,1
DA:5,1
DA:6,3
DA:7,3
DA:8,3
DA:9,3
DA:10,3
DA:11,3
DA:12,3
DA:13,3
DA:14,3
DA:15,3
DA:16,3
DA:17,3
DA:18,3
DA:19,3
DA:20,3
DA:21,3
DA:22,3
DA:23,3
DA:24,3
DA:25,3
DA:26,3
DA:27,3
DA:28,3
DA:29,3
DA:30,3
DA:31,3
DA:32,3
DA:33,3
DA:34,3
DA:35,3
DA:36,3
DA:37,3
DA:38,3
DA:39,3
DA:40,3
DA:41,3
DA:42,3
DA:43,3
DA:44,3
DA:45,3
DA:46,3
DA:47,3
DA:48,1
DA:49,1
LF:49
LH:49
BRDA:6,0,0,3
BRF:1
BRH:1
end_of_record
TN:
SF:src\components\Input\Input.jsx
FN:5,Input
FNF:1
FNH:1
FNDA:23,Input
DA:1,1
DA:2,1
DA:3,1
DA:4,1
DA:5,23
DA:6,23
DA:7,23
DA:8,23
DA:9,23
DA:10,23
DA:11,23
DA:12,23
DA:13,23
DA:14,23
DA:15,23
DA:16,23
DA:17,23
DA:18,23
DA:19,23
DA:20,23
DA:21,23
DA:22,23
DA:23,23
DA:24,23
DA:25,23
DA:26,23
DA:27,23
DA:28,23
DA:29,23
DA:30,23
DA:31,1
DA:32,1
LF:32
LH:32
BRDA:5,0,0,23
BRDA:21,1,0,18
BRDA:21,2,0,5
BRDA:24,3,0,5
BRDA:24,4,0,18
BRF:5
BRH:5
end_of_record
TN:
SF:src\components\Navigation\Navigation.jsx
FN:8,Navigation
FN:18,onClick
FN:21,onClick
FN:23,onClick
FNF:4
FNH:2
FNDA:4,Navigation
FNDA:1,onClick
FNDA:0,onClick
FNDA:0,onClick
DA:1,1
DA:2,1
DA:3,1
DA:4,1
DA:5,1
DA:6,1
DA:7,1
DA:8,4
DA:9,4
DA:10,4
DA:11,4
DA:12,4
DA:13,4
DA:14,4
DA:15,4
DA:16,4
DA:17,4
DA:18,4
DA:19,4
DA:20,4
DA:21,4
DA:22,4
DA:23,4
DA:24,4
DA:25,4
DA:26,4
DA:27,1
DA:28,1
LF:28
LH:28
BRDA:8,0,0,4
BRDA:13,1,0,1
BRDA:13,2,0,3
BRDA:20,3,0,1
BRDA:20,4,0,3
BRDA:22,5,0,1
BRDA:22,6,0,3
BRDA:18,7,0,1
BRF:8
BRH:8
end_of_record
TN:
SF:src\components\Shoes\Shoes.jsx
FN:7,Shoes
FN:32,onClick
FNF:2
FNH:2
FNDA:3,Shoes
FNDA:1,onClick
DA:1,1
DA:2,1
DA:3,1
DA:4,1
DA:5,1
DA:6,1
DA:7,3
DA:8,3
DA:9,4
DA:10,4
DA:11,4
DA:12,4
DA:13,4
DA:14,4
DA:15,4
DA:16,4
DA:17,4
DA:18,4
DA:19,4
DA:20,4
DA:21,4
DA:22,3
DA:23,3
DA:24,3
DA:25,3
DA:26,3
DA:27,3
DA:28,3
DA:29,3
DA:30,3
DA:31,3
DA:32,3
DA:33,1
DA:34,1
DA:35,3
DA:36,3
DA:37,3
DA:38,3
DA:39,3
DA:40,3
DA:41,1
DA:42,1
LF:42
LH:42
BRDA:7,0,0,3
BRDA:8,1,0,4
BRDA:32,2,0,1
BRF:3
BRH:3
end_of_record
TN:
SF:src\components\Top\Top.jsx
FN:6,Top
FNF:1
FNH:1
FNDA:4,Top
DA:1,1
DA:2,1
DA:3,1
DA:4,1
DA:5,1
DA:6,4
DA:7,4
DA:8,4
DA:9,4
DA:10,4
DA:11,4
DA:12,4
DA:13,4
DA:14,1
DA:15,1
LF:15
LH:15
BRDA:6,0,0,4
BRF:1
BRH:1
end_of_record
TN:
SF:src\views\Booking.jsx
FN:2,asyncGeneratorStep
FN:2,_asyncToGenerator
FN:2,_next
FN:2,_throw
FN:2,_toConsumableArray
FN:2,_nonIterableSpread
FN:2,_iterableToArray
FN:2,_arrayWithoutHoles
FN:2,ownKeys
FN:2,_objectSpread
FN:2,_defineProperty
FN:2,_toPropertyKey
FN:2,_toPrimitive
FN:2,_slicedToArray
FN:2,_nonIterableRest
FN:2,_unsupportedIterableToArray
FN:2,_arrayLikeToArray
FN:2,_iterableToArrayLimit
FN:2,_arrayWithHoles
FN:11,Booking
FN:23,updateBookingDetails
FN:34,updateSize
FN:48,addShoe
FN:54,removeShoe
FN:60,comparePeopleAndShoes
FN:64,sendBooking
FN:65,_callee
FN:65,_callee$
FN:89,saveConfirmation
FN:94,book
FN:95,_book
FN:95,_callee2
FN:95,_callee2$
FNF:33
FNH:27
FNDA:6,asyncGeneratorStep
FNDA:4,_asyncToGenerator
FNDA:5,_next
FNDA:1,_throw
FNDA:3,_toConsumableArray
FNDA:0,_nonIterableSpread
FNDA:0,_iterableToArray
FNDA:3,_arrayWithoutHoles
FNDA:18,ownKeys
FNDA:18,_objectSpread
FNDA:42,_defineProperty
FNDA:42,_toPropertyKey
FNDA:42,_toPrimitive
FNDA:63,_slicedToArray
FNDA:0,_nonIterableRest
FNDA:0,_unsupportedIterableToArray
FNDA:3,_arrayLikeToArray
FNDA:0,_iterableToArrayLimit
FNDA:63,_arrayWithHoles
FNDA:21,Booking
FNDA:8,updateBookingDetails
FNDA:1,updateSize
FNDA:3,addShoe
FNDA:1,removeShoe
FNDA:2,comparePeopleAndShoes
FNDA:1,sendBooking
FNDA:1,_callee
FNDA:3,_callee$
FNDA:0,saveConfirmation
FNDA:3,book
FNDA:3,_book
FNDA:3,_callee2
FNDA:6,_callee2$
DA:1,1
DA:2,63
DA:3,1
DA:4,1
DA:5,1
DA:6,1
DA:7,1
DA:8,1
DA:9,1
DA:10,1
DA:11,21
DA:12,21
DA:13,21
DA:14,21
DA:15,21
DA:16,21
DA:17,21
DA:18,21
DA:19,21
DA:20,21
DA:21,21
DA:22,21
DA:23,21
DA:24,8
DA:25,8
DA:26,8
DA:27,8
DA:28,8
DA:29,8
DA:30,8
DA:31,8
DA:32,21
DA:33,21
DA:34,21
DA:35,1
DA:36,1
DA:37,1
DA:38,1
DA:39,1
DA:40,1
DA:41,1
DA:42,1
DA:43,1
DA:44,1
DA:45,1
DA:46,21
DA:47,21
DA:48,21
DA:49,3
DA:50,3
DA:51,3
DA:52,21
DA:53,21
DA:54,21
DA:55,1
DA:56,1
DA:57,1
DA:58,21
DA:59,21
DA:60,21
DA:61,2
DA:62,2
DA:63,21
DA:64,21
DA:65,21
DA:66,1
DA:67,1
DA:68,1
DA:69,1
DA:70,1
DA:71,1
DA:72,1
DA:73,1
DA:74,1
DA:75,1
DA:76,1
DA:77,1
DA:78,1
DA:79,1
DA:80,1
DA:81,1
DA:82,1
DA:83,0
DA:84,0
DA:85,0
DA:86,21
DA:87,21
DA:88,21
DA:89,21
DA:90,0
DA:91,0
DA:92,0
DA:93,21
DA:94,21
DA:95,3
DA:96,3
DA:97,1
DA:98,2
DA:99,2
DA:100,2
DA:101,0
DA:102,2
DA:103,2
DA:104,2
DA:105,0
DA:106,2
DA:107,2
DA:108,2
DA:109,1
DA:110,1
DA:111,1
DA:112,1
DA:113,1
DA:114,1
DA:115,1
DA:116,1
DA:117,1
DA:118,1
DA:119,1
DA:120,1
DA:121,1
DA:122,1
DA:123,0
DA:124,0
DA:125,1
DA:126,1
DA:127,3
DA:128,3
DA:129,21
DA:130,21
DA:131,21
DA:132,21
DA:133,21
DA:134,21
DA:135,21
DA:136,21
DA:137,21
DA:138,21
DA:139,21
DA:140,21
DA:141,21
DA:142,21
DA:143,21
DA:144,21
DA:145,21
DA:146,21
DA:147,21
DA:148,21
DA:149,1
DA:150,1
LF:150
LH:140
BRDA:2,0,0,6
BRDA:2,1,0,1
BRDA:2,2,0,5
BRDA:2,3,0,3
BRDA:2,4,0,2
BRDA:2,5,0,4
BRDA:2,6,0,4
BRDA:2,7,0,4
BRDA:2,8,0,5
BRDA:2,9,0,1
BRDA:2,10,0,3
BRDA:2,11,0,0
BRDA:2,12,0,0
BRDA:2,13,0,0
BRDA:2,14,0,3
BRDA:2,15,0,18
BRDA:2,16,0,18
BRDA:2,17,0,27
BRDA:2,18,0,0
BRDA:2,19,0,18
BRDA:2,20,0,9
BRDA:2,21,0,0
BRDA:2,22,0,34
BRDA:2,23,0,42
BRDA:2,24,0,0
BRDA:2,25,0,42
BRDA:2,26,0,0
BRDA:2,27,0,42
BRDA:2,28,0,0
BRDA:2,29,0,0
BRDA:2,30,0,0
BRDA:2,31,0,63
BRDA:2,32,0,0
BRDA:2,33,0,0
BRDA:2,34,0,0
BRDA:2,35,0,3
BRDA:2,36,0,0
BRDA:2,37,0,0
BRDA:2,38,0,63
BRDA:11,39,0,21
BRDA:145,40,0,3
BRDA:23,41,0,8
BRDA:27,42,0,8
BRDA:34,43,0,1
BRDA:38,44,0,0
BRDA:39,45,0,1
BRDA:40,46,0,1
BRDA:41,47,0,0
BRDA:48,48,0,3
BRDA:54,49,0,1
BRDA:56,50,0,1
BRDA:60,51,0,2
BRDA:64,52,0,1
BRDA:65,53,0,1
BRDA:65,54,0,3
BRDA:65,55,0,1
BRDA:79,56,0,1
BRDA:81,57,0,0
BRDA:82,58,0,0
BRDA:85,59,0,0
BRDA:85,60,0,0
BRDA:85,61,0,1
BRDA:94,62,0,3
BRDA:95,63,0,3
BRDA:95,64,0,3
BRDA:95,65,0,6
BRDA:95,66,0,13
BRDA:95,67,0,3
BRDA:96,68,0,2
BRDA:96,69,0,2
BRDA:96,70,0,2
BRDA:96,71,0,2
BRDA:96,72,0,1
BRDA:98,73,0,2
BRDA:100,74,0,0
BRDA:102,75,0,2
BRDA:104,76,0,0
BRDA:106,77,0,2
BRDA:108,78,0,1
BRDA:111,79,0,1
BRDA:122,80,0,0
BRDA:125,81,0,1
BRDA:118,82,0,1
BRF:83
BRH:59
end_of_record
TN:
SF:src\views\Confirmation.jsx
FN:8,Confirmation
FNF:1
FNH:1
FNDA:2,Confirmation
DA:1,1
DA:2,1
DA:3,1
DA:4,1
DA:5,1
DA:6,1
DA:7,1
DA:8,1
DA:9,2
DA:10,2
DA:11,2
DA:12,2
DA:13,2
DA:14,2
DA:15,2
DA:16,1
DA:17,1
DA:18,1
DA:19,1
DA:20,1
DA:21,1
DA:22,1
DA:23,2
DA:24,1
DA:25,1
DA:26,1
DA:27,1
DA:28,1
DA:29,1
DA:30,1
DA:31,1
DA:32,1
DA:33,1
DA:34,1
DA:35,1
DA:36,1
DA:37,1
DA:38,1
DA:39,1
DA:40,1
DA:41,1
DA:42,1
DA:43,1
DA:44,1
DA:45,1
DA:46,1
DA:47,1
DA:48,1
DA:49,1
DA:50,1
DA:51,1
DA:52,1
DA:53,1
DA:54,1
DA:55,1
DA:56,1
DA:57,1
DA:58,1
DA:59,1
DA:60,1
DA:61,1
DA:62,2
DA:63,0
DA:64,0
DA:65,2
DA:66,2
DA:67,2
DA:68,2
DA:69,1
DA:70,1
LF:70
LH:68
BRDA:8,0,0,2
BRDA:12,1,0,0
BRDA:15,2,0,1
BRDA:23,3,0,1
BRDA:62,4,0,0
BRF:5
BRH:3
end_of_record
